<?xml version="1.0" encoding="UTF-8"?>
<!-- Generated by org.testng.reporters.JUnitReportReporter -->
<testsuite hostname="Anubhavs-MacBook-Air.local" failures="0" tests="3" name="CucumberOptions.TestRunner_TestNg" time="26.272" errors="0" timestamp="2023-11-19T23:42:05 IST" skipped="0">
  <testcase classname="CucumberOptions.TestRunner_TestNg" name="runScenario" time="6.686"/>
  <system-out/>
  <testcase classname="CucumberOptions.TestRunner_TestNg" name="runScenario" time="12.896"/>
  <system-out/>
  <testcase classname="CucumberOptions.TestRunner_TestNg" name="runScenario" time="6.690"/>
  <system-out/>
</testsuite> <!-- CucumberOptions.TestRunner_TestNg -->
