<?xml version="1.0" encoding="UTF-8"?>
<!-- Generated by org.testng.reporters.JUnitReportReporter -->
<testsuite hostname="Anubhavs-MacBook-Air.local" failures="0" tests="3" name="CucumberOptions.TestRunner_TestNg" time="25.614" errors="0" timestamp="2023-11-18T23:55:13 IST" skipped="0">
  <testcase classname="CucumberOptions.TestRunner_TestNg" name="runScenario" time="6.160"/>
  <system-out/>
  <testcase classname="CucumberOptions.TestRunner_TestNg" name="runScenario" time="6.235"/>
  <system-out/>
  <testcase classname="CucumberOptions.TestRunner_TestNg" name="runScenario" time="13.219"/>
  <system-out/>
</testsuite> <!-- CucumberOptions.TestRunner_TestNg -->
