<?xml version="1.0" encoding="UTF-8"?>
<!-- Generated by org.testng.reporters.JUnitReportReporter -->
<testsuite hostname="Anubhavs-MacBook-Air.local" failures="0" tests="2" name="CucumberOptions.TestRunner_TestNg" time="14.497" errors="0" timestamp="2023-11-20T00:52:24 IST" skipped="0">
  <testcase classname="CucumberOptions.TestRunner_TestNg" name="runScenario" time="7.579"/>
  <system-out/>
  <testcase classname="CucumberOptions.TestRunner_TestNg" name="runScenario" time="6.918"/>
  <system-out/>
</testsuite> <!-- CucumberOptions.TestRunner_TestNg -->
